0 info it worked if it ends with ok
1 verbose cli [ 'node', '/usr/local/bin/npm', 'install', 'angular' ]
2 info using npm@1.2.21
3 info using node@v0.10.7
4 verbose read json /Users/matt/Projects/Prepros/package.json
5 warn package.json Prepros@1.3.0 No repository field.
6 verbose read json /Users/matt/Projects/Prepros/node_modules/MD5/package.json
7 verbose read json /Users/matt/Projects/Prepros/node_modules/coffee-script/package.json
8 verbose read json /Users/matt/Projects/Prepros/node_modules/express/package.json
9 verbose read json /Users/matt/Projects/Prepros/node_modules/fs-extra/package.json
10 verbose read json /Users/matt/Projects/Prepros/node_modules/jade/package.json
11 verbose read json /Users/matt/Projects/Prepros/node_modules/less/package.json
12 verbose read json /Users/matt/Projects/Prepros/node_modules/marked/package.json
13 verbose read json /Users/matt/Projects/Prepros/node_modules/nib/package.json
14 verbose read json /Users/matt/Projects/Prepros/node_modules/node-walker/package.json
15 verbose read json /Users/matt/Projects/Prepros/node_modules/stylus/package.json
16 verbose read json /Users/matt/Projects/Prepros/node_modules/uglify-js/package.json
17 verbose read json /Users/matt/Projects/Prepros/node_modules/websocket/package.json
18 warn package.json uglify-js@2.2.5 'repositories' (plural) Not supported.
18 warn package.json Please pick one as the 'repository' field
19 verbose from cache /Users/matt/Projects/Prepros/package.json
20 verbose readDependencies using package.json deps
21 verbose cache add [ 'angular', null ]
22 verbose cache add name=undefined spec="angular" args=["angular",null]
23 verbose parsed url { protocol: null,
23 verbose parsed url   slashes: null,
23 verbose parsed url   auth: null,
23 verbose parsed url   host: null,
23 verbose parsed url   port: null,
23 verbose parsed url   hostname: null,
23 verbose parsed url   hash: null,
23 verbose parsed url   search: null,
23 verbose parsed url   query: null,
23 verbose parsed url   pathname: 'angular',
23 verbose parsed url   path: 'angular',
23 verbose parsed url   href: 'angular' }
24 silly lockFile 54e0c177-angular angular
25 verbose lock angular /Users/matt/.npm/54e0c177-angular.lock
26 silly lockFile 54e0c177-angular angular
27 verbose addNamed [ 'angular', '' ]
28 verbose addNamed [ null, '' ]
29 silly lockFile fdbbf89d-angular angular@
30 verbose lock angular@ /Users/matt/.npm/fdbbf89d-angular.lock
31 silly lockFile fdbbf89d-angular angular@
32 error Error: EACCES, open '/Users/matt/.npm/fdbbf89d-angular.lock'
32 error  { [Error: EACCES, open '/Users/matt/.npm/fdbbf89d-angular.lock']
32 error   errno: 3,
32 error   code: 'EACCES',
32 error   path: '/Users/matt/.npm/fdbbf89d-angular.lock' }
33 error Please try running this command again as root/Administrator.
34 error System Darwin 12.3.0
35 error command "node" "/usr/local/bin/npm" "install" "angular"
36 error cwd /Users/matt/Projects/Prepros/app/scripts
37 error node -v v0.10.7
38 error npm -v 1.2.21
39 error path /Users/matt/.npm/fdbbf89d-angular.lock
40 error code EACCES
41 error errno 3
42 error stack Error: EACCES, open '/Users/matt/.npm/fdbbf89d-angular.lock'
43 verbose exit [ 3, true ]
